{"uuid":"2a57c84f-8edb-43f9-a6e0-4633d7f811c9","historyId":"cf3ef9502db92758ec79d238493c0bb1","testCaseId":"[engine:junit-platform-suite]/[suite:pt.ua.tqs.ecocharger.ecocharger.functional.CucumberTest]/[engine:cucumber]/[feature:classpath%3Apt%2Fua%2Ftqs%2Fecocharger%2Fecocharger%2Ffeatures%2Fbalance.feature]/[scenario:6]","testCaseName":"Successfully top up balance via Stripe","fullName":"pt/ua/tqs/ecocharger/ecocharger/features/balance.feature:6","labels":[{"name":"junit.platform.uniqueid","value":"[engine:junit-platform-suite]/[suite:pt.ua.tqs.ecocharger.ecocharger.functional.CucumberTest]/[engine:cucumber]/[feature:classpath%3Apt%2Fua%2Ftqs%2Fecocharger%2Fecocharger%2Ffeatures%2Fbalance.feature]/[scenario:6]"},{"name":"host","value":"alof-IdeaPad-5-14IAL7"},{"name":"thread","value":"18955@alof-IdeaPad-5-14IAL7.main(1)"},{"name":"framework","value":"junit-platform"},{"name":"language","value":"java"}],"links":[],"name":"Successfully top up balance via Stripe","status":"broken","statusDetails":{"known":false,"muted":false,"flaky":false,"message":"Expected condition failed: waiting for frame to be available: By.cssSelector: iframe[title='Secure card number input frame'] (tried for 10 second(s) with 500 milliseconds interval)","trace":"org.openqa.selenium.TimeoutException: Expected condition failed: waiting for frame to be available: By.cssSelector: iframe[title='Secure card number input frame'] (tried for 10 second(s) with 500 milliseconds interval)\n\tat org.openqa.selenium.support.ui.WebDriverWait.timeoutException(WebDriverWait.java:84)\n\tat org.openqa.selenium.support.ui.FluentWait.until(FluentWait.java:228)\n\tat pt.ua.tqs.ecocharger.ecocharger.functional.steps.StripeBalanceSteps.iCompleteStripePayment(StripeBalanceSteps.java:43)\n\tat âœ½.I complete the test Stripe payment(classpath:pt/ua/tqs/ecocharger/ecocharger/features/balance.feature:11)\nCaused by: org.openqa.selenium.NoSuchElementException: no such element: Unable to locate element: {\"method\":\"css selector\",\"selector\":\"iframe[title='Secure card number input frame']\"}\n  (Session info: chrome=134.0.6998.35)\nFor documentation on this error, please visit: https://www.selenium.dev/documentation/webdriver/troubleshooting/errors#no-such-element-exception\nBuild info: version: '4.25.0', revision: '8a8aea2337'\nSystem info: os.name: 'Linux', os.arch: 'amd64', os.version: '6.8.0-60-generic', java.version: '21.0.7'\nDriver info: org.openqa.selenium.chrome.ChromeDriver\nCommand: [36f49ee8918d447b1e59129e5ebee334, findElement {value=iframe[title='Secure card number input frame'], using=css selector}]\nCapabilities {acceptInsecureCerts: false, browserName: chrome, browserVersion: 134.0.6998.35, chrome: {chromedriverVersion: 134.0.6998.165 (fd886e2cb29..., userDataDir: /tmp/.org.chromium.Chromium...}, fedcm:accounts: true, goog:chromeOptions: {debuggerAddress: localhost:38041}, networkConnectionEnabled: false, pageLoadStrategy: normal, platformName: linux, proxy: Proxy(), se:cdp: ws://localhost:38041/devtoo..., se:cdpVersion: 134.0.6998.35, setWindowRect: true, strictFileInteractability: false, timeouts: {implicit: 0, pageLoad: 300000, script: 30000}, unhandledPromptBehavior: dismiss and notify, webauthn:extension:credBlob: true, webauthn:extension:largeBlob: true, webauthn:extension:minPinLength: true, webauthn:extension:prf: true, webauthn:virtualAuthenticators: true}\nSession ID: 36f49ee8918d447b1e59129e5ebee334\n\tat java.base/java.lang.reflect.Constructor.newInstanceWithCaller(Constructor.java:502)\n\tat java.base/java.lang.reflect.Constructor.newInstance(Constructor.java:486)\n\tat org.openqa.selenium.remote.ErrorCodec.decode(ErrorCodec.java:167)\n\tat org.openqa.selenium.remote.codec.w3c.W3CHttpResponseCodec.decode(W3CHttpResponseCodec.java:138)\n\tat org.openqa.selenium.remote.codec.w3c.W3CHttpResponseCodec.decode(W3CHttpResponseCodec.java:50)\n\tat org.openqa.selenium.remote.HttpCommandExecutor.execute(HttpCommandExecutor.java:190)\n\tat org.openqa.selenium.remote.service.DriverCommandExecutor.invokeExecute(DriverCommandExecutor.java:216)\n\tat org.openqa.selenium.remote.service.DriverCommandExecutor.execute(DriverCommandExecutor.java:174)\n\tat org.openqa.selenium.remote.RemoteWebDriver.execute(RemoteWebDriver.java:545)\n\tat org.openqa.selenium.remote.ElementLocation$ElementFinder$2.findElement(ElementLocation.java:165)\n\tat org.openqa.selenium.remote.ElementLocation.findElement(ElementLocation.java:59)\n\tat org.openqa.selenium.remote.RemoteWebDriver.findElement(RemoteWebDriver.java:368)\n\tat org.openqa.selenium.remote.RemoteWebDriver.findElement(RemoteWebDriver.java:362)\n\tat org.openqa.selenium.support.ui.ExpectedConditions$17.apply(ExpectedConditions.java:491)\n\tat org.openqa.selenium.support.ui.ExpectedConditions$17.apply(ExpectedConditions.java:487)\n\tat org.openqa.selenium.support.ui.FluentWait.until(FluentWait.java:203)\n\t... 2 more\n"},"stage":"finished","description":"","steps":[],"attachments":[],"parameters":[],"start":1749307844434,"stop":1749307874431}